Using pre-set license
Built from '2020.3/staging' branch; Version is '2020.3.19f1 (68f137dc9bbe) revision 6877495'; Using compiler version '192528614'; Build Type 'Release'
OS: 'Windows 10 Home; OS build 19042.1466; Version 2009; 64bit' Language: 'es' Physical Memory: 32160 MB
BatchMode: 1, IsHumanControllingUs: 0, StartBugReporterOnCrash: 0, Is64bit: 1, IsPro: 0

COMMAND LINE ARGUMENTS:
C:\Program Files\Unity\Hub\Editor\2020.3.19f1\Editor\Unity.exe
-adb2
-batchMode
-noUpm
-name
AssetImportWorker0
-projectPath
C:/U-TAD/Proyectos/Cookie revenge/cookie revenge
-logFile
Logs/AssetImportWorker0.log
-srvPort
59937
Successfully changed project path to: C:/U-TAD/Proyectos/Cookie revenge/cookie revenge
C:/U-TAD/Proyectos/Cookie revenge/cookie revenge
Using Asset Import Pipeline V2.
Refreshing native plugins compatible for Editor in 32.80 ms, found 3 plugins.
Preloading 0 native plugins for Editor in 0.00 ms.
Initialize engine version: 2020.3.19f1 (68f137dc9bbe)
[Subsystems] Discovering subsystems at path C:/Program Files/Unity/Hub/Editor/2020.3.19f1/Editor/Data/Resources/UnitySubsystems
[Subsystems] Discovering subsystems at path C:/U-TAD/Proyectos/Cookie revenge/cookie revenge/Assets
GfxDevice: creating device client; threaded=0
Direct3D:
    Version:  Direct3D 11.0 [level 11.1]
    Renderer: NVIDIA GeForce RTX 3060 Laptop GPU (ID=0x2520)
    Vendor:   
    VRAM:     6023 MB
    Driver:   30.0.14.9649
Initialize mono
Mono path[0] = 'C:/Program Files/Unity/Hub/Editor/2020.3.19f1/Editor/Data/Managed'
Mono path[1] = 'C:/Program Files/Unity/Hub/Editor/2020.3.19f1/Editor/Data/MonoBleedingEdge/lib/mono/unityjit'
Mono config path = 'C:/Program Files/Unity/Hub/Editor/2020.3.19f1/Editor/Data/MonoBleedingEdge/etc'
Using monoOptions --debugger-agent=transport=dt_socket,embedding=1,server=y,suspend=n,address=127.0.0.1:56124
Begin MonoManager ReloadAssembly
Registering precompiled unity dll's ...
Register platform support module: C:/Program Files/Unity/Hub/Editor/2020.3.19f1/Editor/Data/PlaybackEngines/WindowsStandaloneSupport/UnityEditor.WindowsStandalone.Extensions.dll
Registered in 0.002183 seconds.
Native extension for WindowsStandalone target not found
Refreshing native plugins compatible for Editor in 32.25 ms, found 3 plugins.
Preloading 0 native plugins for Editor in 0.00 ms.
Mono: successfully reloaded assembly
- Completed reload, in  0.979 seconds
Domain Reload Profiling:
	ReloadAssembly (979ms)
		BeginReloadAssembly (47ms)
			ExecutionOrderSort (0ms)
			DisableScriptedObjects (0ms)
			BackupInstance (0ms)
			ReleaseScriptingObjects (0ms)
			CreateAndSetChildDomain (1ms)
		EndReloadAssembly (307ms)
			LoadAssemblies (45ms)
			RebuildTransferFunctionScriptingTraits (0ms)
			SetupTypeCache (105ms)
			ReleaseScriptCaches (0ms)
			RebuildScriptCaches (20ms)
			SetupLoadedEditorAssemblies (130ms)
				LogAssemblyErrors (0ms)
				InitializePlatformSupportModulesInManaged (3ms)
				SetLoadedEditorAssemblies (0ms)
				RefreshPlugins (32ms)
				BeforeProcessingInitializeOnLoad (6ms)
				ProcessInitializeOnLoadAttributes (64ms)
				ProcessInitializeOnLoadMethodAttributes (23ms)
				AfterProcessingInitializeOnLoad (0ms)
				EditorAssembliesLoaded (0ms)
			ExecutionOrderSort2 (0ms)
			AwakeInstancesAfterBackupRestoration (0ms)
Platform modules already initialized, skipping
Registering precompiled user dll's ...
Registered in 0.003870 seconds.
Begin MonoManager ReloadAssembly
Native extension for WindowsStandalone target not found
Refreshing native plugins compatible for Editor in 31.85 ms, found 3 plugins.
Preloading 0 native plugins for Editor in 0.00 ms.
Mono: successfully reloaded assembly
- Completed reload, in  0.821 seconds
Domain Reload Profiling:
	ReloadAssembly (823ms)
		BeginReloadAssembly (109ms)
			ExecutionOrderSort (0ms)
			DisableScriptedObjects (4ms)
			BackupInstance (0ms)
			ReleaseScriptingObjects (0ms)
			CreateAndSetChildDomain (16ms)
		EndReloadAssembly (662ms)
			LoadAssemblies (76ms)
			RebuildTransferFunctionScriptingTraits (0ms)
			SetupTypeCache (200ms)
			ReleaseScriptCaches (0ms)
			RebuildScriptCaches (32ms)
			SetupLoadedEditorAssemblies (271ms)
				LogAssemblyErrors (0ms)
				InitializePlatformSupportModulesInManaged (3ms)
				SetLoadedEditorAssemblies (0ms)
				RefreshPlugins (32ms)
				BeforeProcessingInitializeOnLoad (57ms)
				ProcessInitializeOnLoadAttributes (159ms)
				ProcessInitializeOnLoadMethodAttributes (12ms)
				AfterProcessingInitializeOnLoad (7ms)
				EditorAssembliesLoaded (0ms)
			ExecutionOrderSort2 (0ms)
			AwakeInstancesAfterBackupRestoration (5ms)
Platform modules already initialized, skipping
========================================================================
Worker process is ready to serve import requests
Launched and connected shader compiler UnityShaderCompiler.exe after 0.05 seconds
Refreshing native plugins compatible for Editor in 0.71 ms, found 3 plugins.
Preloading 0 native plugins for Editor in 0.00 ms.
Unloading 2091 Unused Serialized files (Serialized files now loaded: 0)
System memory in use before: 93.0 MB.
System memory in use after: 93.1 MB.

Unloading 26 unused Assets to reduce memory usage. Loaded Objects now: 2530.
Total: 2.573000 ms (FindLiveObjects: 0.192200 ms CreateObjectMapping: 0.052300 ms MarkObjects: 2.271000 ms  DeleteObjects: 0.056600 ms)

AssetImportParameters requested are different than current active one (requested -> active):
  custom:framework-win-MediaFoundation: 216162199b28c13a410421893ffa2e32 -> 
  custom:video-decoder-ogg-theora: a1e56fd34408186e4bbccfd4996cb3dc -> 
  custom:container-muxer-webm: aa71ff27fc2769a1b78a27578f13a17b -> 
  custom:container-demuxer-webm: 4f35f7cbe854078d1ac9338744f61a02 -> 
  custom:container-demuxer-ogg: 62fdf1f143b41e24485cea50d1cbac27 -> 
  custom:video-encoder-webm-vp8: eb34c28f22e8b96e1ab97ce403110664 -> 
  custom:video-codec-MediaFoundation-h265: 746d11721c4dcdbdad8f713fa42b33f4 -> 
  custom:video-decoder-webm-vp8: 9c59270c3fd7afecdb556c50c9e8de78 -> 
  custom:audio-decoder-ogg-vorbis: bf7c407c2cedff20999df2af8eb42d56 -> 
  custom:audio-encoder-webm-vorbis: bf7c407c2cedff20999df2af8eb42d56 -> 
========================================================================
Received Import Request.
  path: Assets/escenario 2.jpg
  artifactKey: Guid(8c75138216f955c49bc04760b4cee7d5) Importer(815301076,1909f56bfc062723c751e8b465ee728b)
Start importing Assets/escenario 2.jpg using Guid(8c75138216f955c49bc04760b4cee7d5) Importer(815301076,1909f56bfc062723c751e8b465ee728b)  -> (artifact id: 'dffb88f9b4e9fbfd79f4c2f9099d681d') in 0.112715 seconds 
  Import took 0.115749 seconds .

========================================================================
Received Import Request.
  Time since last request: 0.000202 seconds.
  path: Assets/Diseño_de_nivel_caballero_de_las_galletas_García_Castaño_Iván.png
  artifactKey: Guid(ce97a8791aedf6741ad9b0429ac626dd) Importer(815301076,1909f56bfc062723c751e8b465ee728b)
Start importing Assets/Diseño_de_nivel_caballero_de_las_galletas_García_Castaño_Iván.png using Guid(ce97a8791aedf6741ad9b0429ac626dd) Importer(815301076,1909f56bfc062723c751e8b465ee728b)  -> (artifact id: 'e6fd11952c3c371ac91e7d3f225d238e') in 0.017901 seconds 
  Import took 0.021000 seconds .

========================================================================
Received Import Request.
  Time since last request: 1888.666923 seconds.
  path: Assets/Scenes
  artifactKey: Guid(a2ae935305d88b849b0db5199983fbc8) Importer(815301076,1909f56bfc062723c751e8b465ee728b)
Start importing Assets/Scenes using Guid(a2ae935305d88b849b0db5199983fbc8) Importer(815301076,1909f56bfc062723c751e8b465ee728b)  -> (artifact id: 'ba2774aaea81a735aa01e19db489ce3f') in 0.007322 seconds 
  Import took 0.011081 seconds .

========================================================================
Received Import Request.
  Time since last request: 0.618132 seconds.
  path: Assets/Scenes/SampleScene.unity
  artifactKey: Guid(2cda990e2423bbf4892e6590ba056729) Importer(815301076,1909f56bfc062723c751e8b465ee728b)
Start importing Assets/Scenes/SampleScene.unity using Guid(2cda990e2423bbf4892e6590ba056729) Importer(815301076,1909f56bfc062723c751e8b465ee728b)  -> (artifact id: 'aa27944bdea339c97c39027c7eea529c') in 0.007957 seconds 
  Import took 0.011487 seconds .

========================================================================
Received Import Request.
  Time since last request: 12.326193 seconds.
  path: Assets/Scenes/Nivel 1.unity
  artifactKey: Guid(2cda990e2423bbf4892e6590ba056729) Importer(815301076,1909f56bfc062723c751e8b465ee728b)
Start importing Assets/Scenes/Nivel 1.unity using Guid(2cda990e2423bbf4892e6590ba056729) Importer(815301076,1909f56bfc062723c751e8b465ee728b)  -> (artifact id: '9db0c2eedeebeaf6235c35d0e6416da7') in 0.006071 seconds 
  Import took 0.009139 seconds .

========================================================================
Received Import Request.
  Time since last request: 1031.108512 seconds.
  path: Assets/Scenes/Nivel 2.unity
  artifactKey: Guid(88c0b931460410040916e4d47060c734) Importer(815301076,1909f56bfc062723c751e8b465ee728b)
Start importing Assets/Scenes/Nivel 2.unity using Guid(88c0b931460410040916e4d47060c734) Importer(815301076,1909f56bfc062723c751e8b465ee728b)  -> (artifact id: '37cf4da2283d13f8b16b0e392655b67f') in 0.007992 seconds 
  Import took 0.011913 seconds .

========================================================================
Received Import Request.
  Time since last request: 6.403032 seconds.
  path: Assets/Scenes/Nivel 1.unity
  artifactKey: Guid(2cda990e2423bbf4892e6590ba056729) Importer(815301076,1909f56bfc062723c751e8b465ee728b)
Start importing Assets/Scenes/Nivel 1.unity using Guid(2cda990e2423bbf4892e6590ba056729) Importer(815301076,1909f56bfc062723c751e8b465ee728b)  -> (artifact id: 'e943a0e71beb715b3926e007b9f347ba') in 0.003877 seconds 
  Import took 0.007371 seconds .

========================================================================
Received Import Request.
  Time since last request: 18.776681 seconds.
  path: Assets/Scenes/Nivel 2.unity
  artifactKey: Guid(88c0b931460410040916e4d47060c734) Importer(815301076,1909f56bfc062723c751e8b465ee728b)
Start importing Assets/Scenes/Nivel 2.unity using Guid(88c0b931460410040916e4d47060c734) Importer(815301076,1909f56bfc062723c751e8b465ee728b)  -> (artifact id: 'bf49269bbee6923366f75cd6137033b0') in 0.003710 seconds 
  Import took 0.007991 seconds .

========================================================================
Received Import Request.
  Time since last request: 115.712246 seconds.
  path: Assets/Scenes/Nivel 3.unity
  artifactKey: Guid(88c0b931460410040916e4d47060c734) Importer(815301076,1909f56bfc062723c751e8b465ee728b)
Start importing Assets/Scenes/Nivel 3.unity using Guid(88c0b931460410040916e4d47060c734) Importer(815301076,1909f56bfc062723c751e8b465ee728b)  -> (artifact id: '6c6dc60e16e9583c8601dffd2050cb07') in 0.007573 seconds 
  Import took 0.011700 seconds .

========================================================================
Received Import Request.
  Time since last request: 760.902214 seconds.
  path: Assets/Scenes/Nivel 3.unity
  artifactKey: Guid(88c0b931460410040916e4d47060c734) Importer(815301076,1909f56bfc062723c751e8b465ee728b)
Start importing Assets/Scenes/Nivel 3.unity using Guid(88c0b931460410040916e4d47060c734) Importer(815301076,1909f56bfc062723c751e8b465ee728b)  -> (artifact id: '78cab61f747d0651436a27148c15ef45') in 0.003684 seconds 
  Import took 0.007678 seconds .

========================================================================
Received Import Request.
  Time since last request: 467.861849 seconds.
  path: Assets/Scenes/Nivel 2.unity
  artifactKey: Guid(503d9b95d54c74b4f96e3b5f99ac570f) Importer(815301076,1909f56bfc062723c751e8b465ee728b)
Start importing Assets/Scenes/Nivel 2.unity using Guid(503d9b95d54c74b4f96e3b5f99ac570f) Importer(815301076,1909f56bfc062723c751e8b465ee728b)  -> (artifact id: 'e8849e918bb2928234330ddb58637715') in 0.007229 seconds 
  Import took 0.011140 seconds .

========================================================================
Received Import Request.
  Time since last request: 5.125164 seconds.
  path: Assets/Scenes/Nivel 3.unity
  artifactKey: Guid(88c0b931460410040916e4d47060c734) Importer(815301076,1909f56bfc062723c751e8b465ee728b)
Start importing Assets/Scenes/Nivel 3.unity using Guid(88c0b931460410040916e4d47060c734) Importer(815301076,1909f56bfc062723c751e8b465ee728b)  -> (artifact id: 'b5508d9c5290f40dbed0794364a0a2a6') in 0.003572 seconds 
  Import took 0.007197 seconds .

========================================================================
Received Import Request.
  Time since last request: 17.560266 seconds.
  path: Assets/Scenes/Nivel 2.unity
  artifactKey: Guid(503d9b95d54c74b4f96e3b5f99ac570f) Importer(815301076,1909f56bfc062723c751e8b465ee728b)
Start importing Assets/Scenes/Nivel 2.unity using Guid(503d9b95d54c74b4f96e3b5f99ac570f) Importer(815301076,1909f56bfc062723c751e8b465ee728b)  -> (artifact id: 'fcfd105ab8102d66d59af08380772779') in 0.003361 seconds 
  Import took 0.007121 seconds .

========================================================================
Received Import Request.
  Time since last request: 9.670357 seconds.
  path: Assets/Scenes/Nivel 2.unity
  artifactKey: Guid(503d9b95d54c74b4f96e3b5f99ac570f) Importer(815301076,1909f56bfc062723c751e8b465ee728b)
Start importing Assets/Scenes/Nivel 2.unity using Guid(503d9b95d54c74b4f96e3b5f99ac570f) Importer(815301076,1909f56bfc062723c751e8b465ee728b)  -> (artifact id: 'f005464a032f0c6db6d8495a9c1ded01') in 0.003447 seconds 
  Import took 0.006993 seconds .

========================================================================
Received Import Request.
  Time since last request: 27.734732 seconds.
  path: Assets/Scenes/Nivel 3.unity
  artifactKey: Guid(88c0b931460410040916e4d47060c734) Importer(815301076,1909f56bfc062723c751e8b465ee728b)
Start importing Assets/Scenes/Nivel 3.unity using Guid(88c0b931460410040916e4d47060c734) Importer(815301076,1909f56bfc062723c751e8b465ee728b)  -> (artifact id: '0eabcf0f43360605739e8d720dd6f496') in 0.003486 seconds 
  Import took 0.006965 seconds .

========================================================================
Received Import Request.
  Time since last request: 50.769001 seconds.
  path: Assets/Scenes/Nivel 2.unity
  artifactKey: Guid(503d9b95d54c74b4f96e3b5f99ac570f) Importer(815301076,1909f56bfc062723c751e8b465ee728b)
Start importing Assets/Scenes/Nivel 2.unity using Guid(503d9b95d54c74b4f96e3b5f99ac570f) Importer(815301076,1909f56bfc062723c751e8b465ee728b)  -> (artifact id: 'f6282545d6693f6255b1bdb9fababd35') in 0.003745 seconds 
  Import took 0.007592 seconds .

========================================================================
Received Import Request.
  Time since last request: 86.314500 seconds.
  path: Assets/Scenes/Nivel 2.unity
  artifactKey: Guid(503d9b95d54c74b4f96e3b5f99ac570f) Importer(815301076,1909f56bfc062723c751e8b465ee728b)
Start importing Assets/Scenes/Nivel 2.unity using Guid(503d9b95d54c74b4f96e3b5f99ac570f) Importer(815301076,1909f56bfc062723c751e8b465ee728b)  -> (artifact id: '90c856823183271806b5ecb54cdec686') in 0.003281 seconds 
  Import took 0.007106 seconds .

AssetImportWorkerClient::OnTransportError - code=2 error=End of file
