Using pre-set license
Built from '2020.3/staging' branch; Version is '2020.3.19f1 (68f137dc9bbe) revision 6877495'; Using compiler version '192528614'; Build Type 'Release'
OS: 'Windows 10 Home; OS build 19042.1466; Version 2009; 64bit' Language: 'es' Physical Memory: 32469 MB
BatchMode: 1, IsHumanControllingUs: 0, StartBugReporterOnCrash: 0, Is64bit: 1, IsPro: 0

COMMAND LINE ARGUMENTS:
C:\Program Files\Unity\Hub\Editor\2020.3.19f1\Editor\Unity.exe
-adb2
-batchMode
-noUpm
-name
AssetImportWorker0
-projectPath
C:/Users/miria/Desktop/programas/unity/Cookie-revenge/cookie revenge
-logFile
Logs/AssetImportWorker0.log
-srvPort
60946
Successfully changed project path to: C:/Users/miria/Desktop/programas/unity/Cookie-revenge/cookie revenge
C:/Users/miria/Desktop/programas/unity/Cookie-revenge/cookie revenge
Using Asset Import Pipeline V2.
Refreshing native plugins compatible for Editor in 57.76 ms, found 3 plugins.
Preloading 0 native plugins for Editor in 0.00 ms.
Initialize engine version: 2020.3.19f1 (68f137dc9bbe)
[Subsystems] Discovering subsystems at path C:/Program Files/Unity/Hub/Editor/2020.3.19f1/Editor/Data/Resources/UnitySubsystems
[Subsystems] Discovering subsystems at path C:/Users/miria/Desktop/programas/unity/Cookie-revenge/cookie revenge/Assets
GfxDevice: creating device client; threaded=0
Direct3D:
    Version:  Direct3D 11.0 [level 11.1]
    Renderer: NVIDIA GeForce RTX 3080 Laptop GPU (ID=0x249c)
    Vendor:   
    VRAM:     16201 MB
    Driver:   30.0.14.7141
Initialize mono
Mono path[0] = 'C:/Program Files/Unity/Hub/Editor/2020.3.19f1/Editor/Data/Managed'
Mono path[1] = 'C:/Program Files/Unity/Hub/Editor/2020.3.19f1/Editor/Data/MonoBleedingEdge/lib/mono/unityjit'
Mono config path = 'C:/Program Files/Unity/Hub/Editor/2020.3.19f1/Editor/Data/MonoBleedingEdge/etc'
Using monoOptions --debugger-agent=transport=dt_socket,embedding=1,server=y,suspend=n,address=127.0.0.1:56080
Begin MonoManager ReloadAssembly
Registering precompiled unity dll's ...
Register platform support module: C:/Program Files/Unity/Hub/Editor/2020.3.19f1/Editor/Data/PlaybackEngines/WindowsStandaloneSupport/UnityEditor.WindowsStandalone.Extensions.dll
Registered in 0.003139 seconds.
Native extension for WindowsStandalone target not found
Refreshing native plugins compatible for Editor in 49.68 ms, found 3 plugins.
Preloading 0 native plugins for Editor in 0.00 ms.
Mono: successfully reloaded assembly
- Completed reload, in  1.055 seconds
Domain Reload Profiling:
	ReloadAssembly (1055ms)
		BeginReloadAssembly (61ms)
			ExecutionOrderSort (0ms)
			DisableScriptedObjects (0ms)
			BackupInstance (0ms)
			ReleaseScriptingObjects (0ms)
			CreateAndSetChildDomain (1ms)
		EndReloadAssembly (440ms)
			LoadAssemblies (60ms)
			RebuildTransferFunctionScriptingTraits (0ms)
			SetupTypeCache (129ms)
			ReleaseScriptCaches (0ms)
			RebuildScriptCaches (45ms)
			SetupLoadedEditorAssemblies (179ms)
				LogAssemblyErrors (0ms)
				InitializePlatformSupportModulesInManaged (6ms)
				SetLoadedEditorAssemblies (0ms)
				RefreshPlugins (50ms)
				BeforeProcessingInitializeOnLoad (8ms)
				ProcessInitializeOnLoadAttributes (77ms)
				ProcessInitializeOnLoadMethodAttributes (37ms)
				AfterProcessingInitializeOnLoad (0ms)
				EditorAssembliesLoaded (1ms)
			ExecutionOrderSort2 (0ms)
			AwakeInstancesAfterBackupRestoration (0ms)
Platform modules already initialized, skipping
Registering precompiled user dll's ...
Registered in 0.005703 seconds.
Begin MonoManager ReloadAssembly
Native extension for WindowsStandalone target not found
Refreshing native plugins compatible for Editor in 31.09 ms, found 3 plugins.
Preloading 0 native plugins for Editor in 0.00 ms.
Mono: successfully reloaded assembly
- Completed reload, in  0.987 seconds
Domain Reload Profiling:
	ReloadAssembly (988ms)
		BeginReloadAssembly (115ms)
			ExecutionOrderSort (0ms)
			DisableScriptedObjects (3ms)
			BackupInstance (0ms)
			ReleaseScriptingObjects (0ms)
			CreateAndSetChildDomain (15ms)
		EndReloadAssembly (822ms)
			LoadAssemblies (95ms)
			RebuildTransferFunctionScriptingTraits (0ms)
			SetupTypeCache (186ms)
			ReleaseScriptCaches (1ms)
			RebuildScriptCaches (58ms)
			SetupLoadedEditorAssemblies (358ms)
				LogAssemblyErrors (0ms)
				InitializePlatformSupportModulesInManaged (4ms)
				SetLoadedEditorAssemblies (0ms)
				RefreshPlugins (31ms)
				BeforeProcessingInitializeOnLoad (78ms)
				ProcessInitializeOnLoadAttributes (230ms)
				ProcessInitializeOnLoadMethodAttributes (10ms)
				AfterProcessingInitializeOnLoad (5ms)
				EditorAssembliesLoaded (0ms)
			ExecutionOrderSort2 (0ms)
			AwakeInstancesAfterBackupRestoration (5ms)
Platform modules already initialized, skipping
========================================================================
Worker process is ready to serve import requests
Launched and connected shader compiler UnityShaderCompiler.exe after 0.04 seconds
Refreshing native plugins compatible for Editor in 0.37 ms, found 3 plugins.
Preloading 0 native plugins for Editor in 0.00 ms.
Unloading 2120 Unused Serialized files (Serialized files now loaded: 0)
System memory in use before: 93.8 MB.
System memory in use after: 93.9 MB.

Unloading 26 unused Assets to reduce memory usage. Loaded Objects now: 2560.
Total: 2.787900 ms (FindLiveObjects: 0.148500 ms CreateObjectMapping: 0.059800 ms MarkObjects: 2.494800 ms  DeleteObjects: 0.083300 ms)

AssetImportParameters requested are different than current active one (requested -> active):
  custom:framework-win-MediaFoundation: 216162199b28c13a410421893ffa2e32 -> 
  custom:video-decoder-ogg-theora: a1e56fd34408186e4bbccfd4996cb3dc -> 
  custom:container-muxer-webm: aa71ff27fc2769a1b78a27578f13a17b -> 
  custom:container-demuxer-webm: 4f35f7cbe854078d1ac9338744f61a02 -> 
  custom:container-demuxer-ogg: 62fdf1f143b41e24485cea50d1cbac27 -> 
  custom:video-encoder-webm-vp8: eb34c28f22e8b96e1ab97ce403110664 -> 
  custom:video-decoder-webm-vp8: 9c59270c3fd7afecdb556c50c9e8de78 -> 
  custom:audio-decoder-ogg-vorbis: bf7c407c2cedff20999df2af8eb42d56 -> 
  custom:audio-encoder-webm-vorbis: bf7c407c2cedff20999df2af8eb42d56 -> 
========================================================================
Received Import Request.
  path: Assets/Plataforma.prefab
  artifactKey: Guid(185fd93c63edbe745ac077ed039d63a3) Importer(815301076,1909f56bfc062723c751e8b465ee728b)
Start importing Assets/Plataforma.prefab using Guid(185fd93c63edbe745ac077ed039d63a3) Importer(815301076,1909f56bfc062723c751e8b465ee728b)  -> (artifact id: 'df93f59b595f766e28423a25eb6b7983') in 0.093990 seconds 
  Import took 0.096997 seconds .

========================================================================
Received Import Request.
  Time since last request: 0.000509 seconds.
  path: Assets/Pared Variant.prefab
  artifactKey: Guid(0b409f32484a4134a8ef3d75c4338406) Importer(815301076,1909f56bfc062723c751e8b465ee728b)
Start importing Assets/Pared Variant.prefab using Guid(0b409f32484a4134a8ef3d75c4338406) Importer(815301076,1909f56bfc062723c751e8b465ee728b)  -> (artifact id: '90a2484dd66c772913d294f5baa59a80') in 0.017049 seconds 
  Import took 0.020220 seconds .

========================================================================
Received Import Request.
  Time since last request: 145.417543 seconds.
  path: Assets/Pared Variant.prefab
  artifactKey: Guid(0b409f32484a4134a8ef3d75c4338406) Importer(815301076,1909f56bfc062723c751e8b465ee728b)
Start importing Assets/Pared Variant.prefab using Guid(0b409f32484a4134a8ef3d75c4338406) Importer(815301076,1909f56bfc062723c751e8b465ee728b)  -> (artifact id: '3019c3935a152d481a2a7ffd7ff8000a') in 0.015160 seconds 
  Import took 0.018322 seconds .

========================================================================
Received Import Request.
  Time since last request: 0.000322 seconds.
  path: Assets/Plataforma.prefab
  artifactKey: Guid(185fd93c63edbe745ac077ed039d63a3) Importer(815301076,1909f56bfc062723c751e8b465ee728b)
Start importing Assets/Plataforma.prefab using Guid(185fd93c63edbe745ac077ed039d63a3) Importer(815301076,1909f56bfc062723c751e8b465ee728b)  -> (artifact id: '4857c82eeb3e31c99d17cd05cecc2fd3') in 0.006463 seconds 
  Import took 0.008954 seconds .

========================================================================
Received Import Request.
  Time since last request: 7.544444 seconds.
  path: Assets/Pared Variant.prefab
  artifactKey: Guid(0b409f32484a4134a8ef3d75c4338406) Importer(815301076,1909f56bfc062723c751e8b465ee728b)
Start importing Assets/Pared Variant.prefab using Guid(0b409f32484a4134a8ef3d75c4338406) Importer(815301076,1909f56bfc062723c751e8b465ee728b)  -> (artifact id: '9b17bf8dec4e2638b40657bd62705cb4') in 0.009319 seconds 
  Import took 0.012532 seconds .

========================================================================
Received Import Request.
  Time since last request: 0.000311 seconds.
  path: Assets/Plataforma.prefab
  artifactKey: Guid(185fd93c63edbe745ac077ed039d63a3) Importer(815301076,1909f56bfc062723c751e8b465ee728b)
Start importing Assets/Plataforma.prefab using Guid(185fd93c63edbe745ac077ed039d63a3) Importer(815301076,1909f56bfc062723c751e8b465ee728b)  -> (artifact id: 'e5d13ef0a818e6f89c30bea13eb4d4f5') in 0.007843 seconds 
  Import took 0.010539 seconds .

========================================================================
Received Import Request.
  Time since last request: 9.630995 seconds.
  path: Assets/Pared Variant.prefab
  artifactKey: Guid(0b409f32484a4134a8ef3d75c4338406) Importer(815301076,1909f56bfc062723c751e8b465ee728b)
Start importing Assets/Pared Variant.prefab using Guid(0b409f32484a4134a8ef3d75c4338406) Importer(815301076,1909f56bfc062723c751e8b465ee728b)  -> (artifact id: '724dc88a96d8c2382b95ef2c73faf96c') in 0.018680 seconds 
  Import took 0.022444 seconds .

========================================================================
Received Import Request.
  Time since last request: 0.000480 seconds.
  path: Assets/Plataforma.prefab
  artifactKey: Guid(185fd93c63edbe745ac077ed039d63a3) Importer(815301076,1909f56bfc062723c751e8b465ee728b)
Start importing Assets/Plataforma.prefab using Guid(185fd93c63edbe745ac077ed039d63a3) Importer(815301076,1909f56bfc062723c751e8b465ee728b)  -> (artifact id: '25db5a06c3fdf51c1e669dc25dd9713f') in 0.009999 seconds 
  Import took 0.012865 seconds .

========================================================================
Received Import Request.
  Time since last request: 12.196405 seconds.
  path: Assets/Pared Variant.prefab
  artifactKey: Guid(0b409f32484a4134a8ef3d75c4338406) Importer(815301076,1909f56bfc062723c751e8b465ee728b)
Start importing Assets/Pared Variant.prefab using Guid(0b409f32484a4134a8ef3d75c4338406) Importer(815301076,1909f56bfc062723c751e8b465ee728b)  -> (artifact id: '01c7cc67c30b8bd641b9639ff19d2461') in 0.020582 seconds 
  Import took 0.027502 seconds .

========================================================================
Received Import Request.
  Time since last request: 0.000472 seconds.
  path: Assets/Plataforma.prefab
  artifactKey: Guid(185fd93c63edbe745ac077ed039d63a3) Importer(815301076,1909f56bfc062723c751e8b465ee728b)
Start importing Assets/Plataforma.prefab using Guid(185fd93c63edbe745ac077ed039d63a3) Importer(815301076,1909f56bfc062723c751e8b465ee728b)  -> (artifact id: '9bcfe086b6f9adcab0041885f6da2434') in 0.017055 seconds 
  Import took 0.020421 seconds .

========================================================================
Received Import Request.
  Time since last request: 1.160362 seconds.
  path: Assets/Pared Variant.prefab
  artifactKey: Guid(0b409f32484a4134a8ef3d75c4338406) Importer(815301076,1909f56bfc062723c751e8b465ee728b)
Start importing Assets/Pared Variant.prefab using Guid(0b409f32484a4134a8ef3d75c4338406) Importer(815301076,1909f56bfc062723c751e8b465ee728b)  -> (artifact id: 'bb59a6e9dec0f776755aac53a80bc8ee') in 0.020669 seconds 
  Import took 0.023990 seconds .

========================================================================
Received Import Request.
  Time since last request: 0.000540 seconds.
  path: Assets/Plataforma.prefab
  artifactKey: Guid(185fd93c63edbe745ac077ed039d63a3) Importer(815301076,1909f56bfc062723c751e8b465ee728b)
Start importing Assets/Plataforma.prefab using Guid(185fd93c63edbe745ac077ed039d63a3) Importer(815301076,1909f56bfc062723c751e8b465ee728b)  -> (artifact id: '479fd5b02c9d52b8229f2fffab64831d') in 0.015609 seconds 
  Import took 0.019387 seconds .

========================================================================
Received Import Request.
  Time since last request: 3.447618 seconds.
  path: Assets/Pared Variant.prefab
  artifactKey: Guid(0b409f32484a4134a8ef3d75c4338406) Importer(815301076,1909f56bfc062723c751e8b465ee728b)
Start importing Assets/Pared Variant.prefab using Guid(0b409f32484a4134a8ef3d75c4338406) Importer(815301076,1909f56bfc062723c751e8b465ee728b)  -> (artifact id: 'd711233dc810a63b9787716b2f8f4fb4') in 0.011545 seconds 
  Import took 0.015468 seconds .

========================================================================
Received Import Request.
  Time since last request: 0.000395 seconds.
  path: Assets/Plataforma.prefab
  artifactKey: Guid(185fd93c63edbe745ac077ed039d63a3) Importer(815301076,1909f56bfc062723c751e8b465ee728b)
Start importing Assets/Plataforma.prefab using Guid(185fd93c63edbe745ac077ed039d63a3) Importer(815301076,1909f56bfc062723c751e8b465ee728b)  -> (artifact id: '2b743ec2253dc14afa739194d1df771c') in 0.011709 seconds 
  Import took 0.014772 seconds .

========================================================================
Received Prepare
Registering precompiled user dll's ...
Registered in 0.002521 seconds.
Begin MonoManager ReloadAssembly
Native extension for WindowsStandalone target not found
Refreshing native plugins compatible for Editor in 0.64 ms, found 3 plugins.
Preloading 0 native plugins for Editor in 0.00 ms.
Mono: successfully reloaded assembly
- Completed reload, in  0.882 seconds
Domain Reload Profiling:
	ReloadAssembly (882ms)
		BeginReloadAssembly (149ms)
			ExecutionOrderSort (0ms)
			DisableScriptedObjects (5ms)
			BackupInstance (0ms)
			ReleaseScriptingObjects (0ms)
			CreateAndSetChildDomain (37ms)
		EndReloadAssembly (690ms)
			LoadAssemblies (89ms)
			RebuildTransferFunctionScriptingTraits (0ms)
			SetupTypeCache (221ms)
			ReleaseScriptCaches (1ms)
			RebuildScriptCaches (48ms)
			SetupLoadedEditorAssemblies (280ms)
				LogAssemblyErrors (0ms)
				InitializePlatformSupportModulesInManaged (6ms)
				SetLoadedEditorAssemblies (1ms)
				RefreshPlugins (1ms)
				BeforeProcessingInitializeOnLoad (68ms)
				ProcessInitializeOnLoadAttributes (194ms)
				ProcessInitializeOnLoadMethodAttributes (5ms)
				AfterProcessingInitializeOnLoad (6ms)
				EditorAssembliesLoaded (0ms)
			ExecutionOrderSort2 (0ms)
			AwakeInstancesAfterBackupRestoration (8ms)
Platform modules already initialized, skipping
Refreshing native plugins compatible for Editor in 0.40 ms, found 3 plugins.
Preloading 0 native plugins for Editor in 0.00 ms.
Unloading 2110 Unused Serialized files (Serialized files now loaded: 0)
System memory in use before: 96.3 MB.
System memory in use after: 96.4 MB.

Unloading 14 unused Assets to reduce memory usage. Loaded Objects now: 2570.
Total: 4.894800 ms (FindLiveObjects: 0.198100 ms CreateObjectMapping: 0.065700 ms MarkObjects: 4.598300 ms  DeleteObjects: 0.031000 ms)

AssetImportParameters requested are different than current active one (requested -> active):
  custom:framework-win-MediaFoundation: 216162199b28c13a410421893ffa2e32 -> 
  custom:video-decoder-ogg-theora: a1e56fd34408186e4bbccfd4996cb3dc -> 
  custom:container-muxer-webm: aa71ff27fc2769a1b78a27578f13a17b -> 
  custom:container-demuxer-webm: 4f35f7cbe854078d1ac9338744f61a02 -> 
  custom:container-demuxer-ogg: 62fdf1f143b41e24485cea50d1cbac27 -> 
  custom:video-encoder-webm-vp8: eb34c28f22e8b96e1ab97ce403110664 -> 
  custom:video-decoder-webm-vp8: 9c59270c3fd7afecdb556c50c9e8de78 -> 
  custom:audio-decoder-ogg-vorbis: bf7c407c2cedff20999df2af8eb42d56 -> 
  custom:audio-encoder-webm-vorbis: bf7c407c2cedff20999df2af8eb42d56 -> 
========================================================================
Received Prepare
Registering precompiled user dll's ...
Registered in 0.002223 seconds.
Begin MonoManager ReloadAssembly
Native extension for WindowsStandalone target not found
Refreshing native plugins compatible for Editor in 0.40 ms, found 3 plugins.
Preloading 0 native plugins for Editor in 0.00 ms.
Mono: successfully reloaded assembly
- Completed reload, in  1.063 seconds
Domain Reload Profiling:
	ReloadAssembly (1063ms)
		BeginReloadAssembly (117ms)
			ExecutionOrderSort (0ms)
			DisableScriptedObjects (10ms)
			BackupInstance (0ms)
			ReleaseScriptingObjects (0ms)
			CreateAndSetChildDomain (33ms)
		EndReloadAssembly (870ms)
			LoadAssemblies (73ms)
			RebuildTransferFunctionScriptingTraits (0ms)
			SetupTypeCache (277ms)
			ReleaseScriptCaches (1ms)
			RebuildScriptCaches (50ms)
			SetupLoadedEditorAssemblies (386ms)
				LogAssemblyErrors (0ms)
				InitializePlatformSupportModulesInManaged (4ms)
				SetLoadedEditorAssemblies (0ms)
				RefreshPlugins (0ms)
				BeforeProcessingInitializeOnLoad (75ms)
				ProcessInitializeOnLoadAttributes (296ms)
				ProcessInitializeOnLoadMethodAttributes (4ms)
				AfterProcessingInitializeOnLoad (5ms)
				EditorAssembliesLoaded (0ms)
			ExecutionOrderSort2 (0ms)
			AwakeInstancesAfterBackupRestoration (7ms)
Platform modules already initialized, skipping
Refreshing native plugins compatible for Editor in 0.88 ms, found 3 plugins.
Preloading 0 native plugins for Editor in 0.00 ms.
Unloading 2110 Unused Serialized files (Serialized files now loaded: 0)
System memory in use before: 96.3 MB.
System memory in use after: 96.4 MB.

Unloading 14 unused Assets to reduce memory usage. Loaded Objects now: 2573.
Total: 3.835200 ms (FindLiveObjects: 0.190600 ms CreateObjectMapping: 0.042100 ms MarkObjects: 3.585200 ms  DeleteObjects: 0.016400 ms)

AssetImportParameters requested are different than current active one (requested -> active):
  custom:framework-win-MediaFoundation: 216162199b28c13a410421893ffa2e32 -> 
  custom:video-decoder-ogg-theora: a1e56fd34408186e4bbccfd4996cb3dc -> 
  custom:container-muxer-webm: aa71ff27fc2769a1b78a27578f13a17b -> 
  custom:container-demuxer-webm: 4f35f7cbe854078d1ac9338744f61a02 -> 
  custom:container-demuxer-ogg: 62fdf1f143b41e24485cea50d1cbac27 -> 
  custom:video-encoder-webm-vp8: eb34c28f22e8b96e1ab97ce403110664 -> 
  custom:video-decoder-webm-vp8: 9c59270c3fd7afecdb556c50c9e8de78 -> 
  custom:audio-decoder-ogg-vorbis: bf7c407c2cedff20999df2af8eb42d56 -> 
  custom:audio-encoder-webm-vorbis: bf7c407c2cedff20999df2af8eb42d56 -> 
========================================================================
Received Import Request.
  Time since last request: 230.237066 seconds.
  path: Assets/playercookie.prefab
  artifactKey: Guid(3bf8262a5b9cf89459abf2bda320c2be) Importer(815301076,1909f56bfc062723c751e8b465ee728b)
Start importing Assets/playercookie.prefab using Guid(3bf8262a5b9cf89459abf2bda320c2be) Importer(815301076,1909f56bfc062723c751e8b465ee728b)  -> (artifact id: '2ad08d09d36f9f8c9b993dcba72c5d52') in 0.142236 seconds 
  Import took 0.151789 seconds .

========================================================================
Received Import Request.
  Time since last request: 101.312599 seconds.
  path: Assets/Pared Variant.prefab
  artifactKey: Guid(0b409f32484a4134a8ef3d75c4338406) Importer(815301076,1909f56bfc062723c751e8b465ee728b)
Start importing Assets/Pared Variant.prefab using Guid(0b409f32484a4134a8ef3d75c4338406) Importer(815301076,1909f56bfc062723c751e8b465ee728b)  -> (artifact id: 'a9f20b92677b6b790a1eca939a669d98') in 0.019345 seconds 
  Import took 0.022702 seconds .

========================================================================
Received Import Request.
  Time since last request: 0.000417 seconds.
  path: Assets/Plataforma.prefab
  artifactKey: Guid(185fd93c63edbe745ac077ed039d63a3) Importer(815301076,1909f56bfc062723c751e8b465ee728b)
Start importing Assets/Plataforma.prefab using Guid(185fd93c63edbe745ac077ed039d63a3) Importer(815301076,1909f56bfc062723c751e8b465ee728b)  -> (artifact id: '9d36ac3aaf0130c5309b7c4c29281366') in 0.018787 seconds 
  Import took 0.022065 seconds .

========================================================================
Received Import Request.
  Time since last request: 3.116092 seconds.
  path: Assets/Pared Variant.prefab
  artifactKey: Guid(0b409f32484a4134a8ef3d75c4338406) Importer(815301076,1909f56bfc062723c751e8b465ee728b)
Start importing Assets/Pared Variant.prefab using Guid(0b409f32484a4134a8ef3d75c4338406) Importer(815301076,1909f56bfc062723c751e8b465ee728b)  -> (artifact id: '47e045d676b199d43643cb4a7edcf2c1') in 0.018624 seconds 
  Import took 0.022109 seconds .

========================================================================
Received Import Request.
  Time since last request: 0.000434 seconds.
  path: Assets/Plataforma.prefab
  artifactKey: Guid(185fd93c63edbe745ac077ed039d63a3) Importer(815301076,1909f56bfc062723c751e8b465ee728b)
Start importing Assets/Plataforma.prefab using Guid(185fd93c63edbe745ac077ed039d63a3) Importer(815301076,1909f56bfc062723c751e8b465ee728b)  -> (artifact id: '54f1088ff28264fef9f0605095dec7f8') in 0.017349 seconds 
  Import took 0.022838 seconds .

========================================================================
Received Import Request.
  Time since last request: 6.376057 seconds.
  path: Assets/Pared Variant.prefab
  artifactKey: Guid(0b409f32484a4134a8ef3d75c4338406) Importer(815301076,1909f56bfc062723c751e8b465ee728b)
Start importing Assets/Pared Variant.prefab using Guid(0b409f32484a4134a8ef3d75c4338406) Importer(815301076,1909f56bfc062723c751e8b465ee728b)  -> (artifact id: 'f8599ee8cebd1172982b3101b46240e0') in 0.018383 seconds 
  Import took 0.024227 seconds .

========================================================================
Received Import Request.
  Time since last request: 0.000513 seconds.
  path: Assets/Plataforma.prefab
  artifactKey: Guid(185fd93c63edbe745ac077ed039d63a3) Importer(815301076,1909f56bfc062723c751e8b465ee728b)
Start importing Assets/Plataforma.prefab using Guid(185fd93c63edbe745ac077ed039d63a3) Importer(815301076,1909f56bfc062723c751e8b465ee728b)  -> (artifact id: '7aa40e2b27ad3a328b667e6ebe4b693f') in 0.011073 seconds 
  Import took 0.014817 seconds .

========================================================================
Received Import Request.
  Time since last request: 3.301340 seconds.
  path: Assets/Pared Variant.prefab
  artifactKey: Guid(0b409f32484a4134a8ef3d75c4338406) Importer(815301076,1909f56bfc062723c751e8b465ee728b)
Start importing Assets/Pared Variant.prefab using Guid(0b409f32484a4134a8ef3d75c4338406) Importer(815301076,1909f56bfc062723c751e8b465ee728b)  -> (artifact id: '2ca7dd6a7321418b60f5c610ef48a50f') in 0.017015 seconds 
  Import took 0.022868 seconds .

========================================================================
Received Import Request.
  Time since last request: 0.000318 seconds.
  path: Assets/Plataforma.prefab
  artifactKey: Guid(185fd93c63edbe745ac077ed039d63a3) Importer(815301076,1909f56bfc062723c751e8b465ee728b)
Start importing Assets/Plataforma.prefab using Guid(185fd93c63edbe745ac077ed039d63a3) Importer(815301076,1909f56bfc062723c751e8b465ee728b)  -> (artifact id: 'f498a7deec13253855922f8f5f20b45a') in 0.014103 seconds 
  Import took 0.017107 seconds .

========================================================================
Received Import Request.
  Time since last request: 7.278131 seconds.
  path: Assets/Pared Variant.prefab
  artifactKey: Guid(0b409f32484a4134a8ef3d75c4338406) Importer(815301076,1909f56bfc062723c751e8b465ee728b)
Start importing Assets/Pared Variant.prefab using Guid(0b409f32484a4134a8ef3d75c4338406) Importer(815301076,1909f56bfc062723c751e8b465ee728b)  -> (artifact id: '689fd3620ad3d0b22d0f6a64bde24ff5') in 0.013192 seconds 
  Import took 0.017212 seconds .

========================================================================
Received Import Request.
  Time since last request: 0.000408 seconds.
  path: Assets/Plataforma.prefab
  artifactKey: Guid(185fd93c63edbe745ac077ed039d63a3) Importer(815301076,1909f56bfc062723c751e8b465ee728b)
Start importing Assets/Plataforma.prefab using Guid(185fd93c63edbe745ac077ed039d63a3) Importer(815301076,1909f56bfc062723c751e8b465ee728b)  -> (artifact id: '195d4ab3557b5c9b14035e0975f41bbb') in 0.009592 seconds 
  Import took 0.013385 seconds .

========================================================================
Received Import Request.
  Time since last request: 9.907576 seconds.
  path: Assets/Pared Variant.prefab
  artifactKey: Guid(0b409f32484a4134a8ef3d75c4338406) Importer(815301076,1909f56bfc062723c751e8b465ee728b)
Start importing Assets/Pared Variant.prefab using Guid(0b409f32484a4134a8ef3d75c4338406) Importer(815301076,1909f56bfc062723c751e8b465ee728b)  -> (artifact id: 'd64b5311480fde0d4c27a30e052501cc') in 0.016632 seconds 
  Import took 0.020595 seconds .

========================================================================
Received Import Request.
  Time since last request: 0.000452 seconds.
  path: Assets/Plataforma.prefab
  artifactKey: Guid(185fd93c63edbe745ac077ed039d63a3) Importer(815301076,1909f56bfc062723c751e8b465ee728b)
Start importing Assets/Plataforma.prefab using Guid(185fd93c63edbe745ac077ed039d63a3) Importer(815301076,1909f56bfc062723c751e8b465ee728b)  -> (artifact id: '874e2c07a3c0cbab890548266429adbb') in 0.015826 seconds 
  Import took 0.018879 seconds .

========================================================================
Received Prepare
Registering precompiled user dll's ...
Registered in 0.003259 seconds.
Begin MonoManager ReloadAssembly
Native extension for WindowsStandalone target not found
Refreshing native plugins compatible for Editor in 0.40 ms, found 3 plugins.
Preloading 0 native plugins for Editor in 0.00 ms.
Mono: successfully reloaded assembly
- Completed reload, in  0.917 seconds
Domain Reload Profiling:
	ReloadAssembly (917ms)
		BeginReloadAssembly (126ms)
			ExecutionOrderSort (0ms)
			DisableScriptedObjects (4ms)
			BackupInstance (0ms)
			ReleaseScriptingObjects (0ms)
			CreateAndSetChildDomain (34ms)
		EndReloadAssembly (747ms)
			LoadAssemblies (88ms)
			RebuildTransferFunctionScriptingTraits (0ms)
			SetupTypeCache (255ms)
			ReleaseScriptCaches (1ms)
			RebuildScriptCaches (51ms)
			SetupLoadedEditorAssemblies (286ms)
				LogAssemblyErrors (0ms)
				InitializePlatformSupportModulesInManaged (4ms)
				SetLoadedEditorAssemblies (0ms)
				RefreshPlugins (0ms)
				BeforeProcessingInitializeOnLoad (53ms)
				ProcessInitializeOnLoadAttributes (220ms)
				ProcessInitializeOnLoadMethodAttributes (4ms)
				AfterProcessingInitializeOnLoad (5ms)
				EditorAssembliesLoaded (0ms)
			ExecutionOrderSort2 (0ms)
			AwakeInstancesAfterBackupRestoration (10ms)
Platform modules already initialized, skipping
Refreshing native plugins compatible for Editor in 0.40 ms, found 3 plugins.
Preloading 0 native plugins for Editor in 0.00 ms.
Unloading 2110 Unused Serialized files (Serialized files now loaded: 0)
System memory in use before: 96.4 MB.
System memory in use after: 96.5 MB.

Unloading 14 unused Assets to reduce memory usage. Loaded Objects now: 2577.
Total: 3.794800 ms (FindLiveObjects: 0.171700 ms CreateObjectMapping: 0.109400 ms MarkObjects: 3.493300 ms  DeleteObjects: 0.019000 ms)

AssetImportParameters requested are different than current active one (requested -> active):
  custom:framework-win-MediaFoundation: 216162199b28c13a410421893ffa2e32 -> 
  custom:video-decoder-ogg-theora: a1e56fd34408186e4bbccfd4996cb3dc -> 
  custom:container-muxer-webm: aa71ff27fc2769a1b78a27578f13a17b -> 
  custom:container-demuxer-webm: 4f35f7cbe854078d1ac9338744f61a02 -> 
  custom:container-demuxer-ogg: 62fdf1f143b41e24485cea50d1cbac27 -> 
  custom:video-encoder-webm-vp8: eb34c28f22e8b96e1ab97ce403110664 -> 
  custom:video-decoder-webm-vp8: 9c59270c3fd7afecdb556c50c9e8de78 -> 
  custom:audio-decoder-ogg-vorbis: bf7c407c2cedff20999df2af8eb42d56 -> 
  custom:audio-encoder-webm-vorbis: bf7c407c2cedff20999df2af8eb42d56 -> 
========================================================================
Received Prepare
Registering precompiled user dll's ...
Registered in 0.002221 seconds.
Begin MonoManager ReloadAssembly
Native extension for WindowsStandalone target not found
Refreshing native plugins compatible for Editor in 0.59 ms, found 3 plugins.
Preloading 0 native plugins for Editor in 0.00 ms.
Mono: successfully reloaded assembly
- Completed reload, in  0.885 seconds
Domain Reload Profiling:
	ReloadAssembly (886ms)
		BeginReloadAssembly (111ms)
			ExecutionOrderSort (0ms)
			DisableScriptedObjects (5ms)
			BackupInstance (0ms)
			ReleaseScriptingObjects (0ms)
			CreateAndSetChildDomain (47ms)
		EndReloadAssembly (718ms)
			LoadAssemblies (68ms)
			RebuildTransferFunctionScriptingTraits (0ms)
			SetupTypeCache (245ms)
			ReleaseScriptCaches (1ms)
			RebuildScriptCaches (53ms)
			SetupLoadedEditorAssemblies (269ms)
				LogAssemblyErrors (0ms)
				InitializePlatformSupportModulesInManaged (4ms)
				SetLoadedEditorAssemblies (1ms)
				RefreshPlugins (1ms)
				BeforeProcessingInitializeOnLoad (49ms)
				ProcessInitializeOnLoadAttributes (203ms)
				ProcessInitializeOnLoadMethodAttributes (6ms)
				AfterProcessingInitializeOnLoad (6ms)
				EditorAssembliesLoaded (0ms)
			ExecutionOrderSort2 (0ms)
			AwakeInstancesAfterBackupRestoration (8ms)
Platform modules already initialized, skipping
Refreshing native plugins compatible for Editor in 0.40 ms, found 3 plugins.
Preloading 0 native plugins for Editor in 0.00 ms.
Unloading 2110 Unused Serialized files (Serialized files now loaded: 0)
System memory in use before: 96.4 MB.
System memory in use after: 96.5 MB.

Unloading 14 unused Assets to reduce memory usage. Loaded Objects now: 2580.
Total: 3.080400 ms (FindLiveObjects: 0.171200 ms CreateObjectMapping: 0.041400 ms MarkObjects: 2.813700 ms  DeleteObjects: 0.052400 ms)

AssetImportParameters requested are different than current active one (requested -> active):
  custom:framework-win-MediaFoundation: 216162199b28c13a410421893ffa2e32 -> 
  custom:video-decoder-ogg-theora: a1e56fd34408186e4bbccfd4996cb3dc -> 
  custom:container-muxer-webm: aa71ff27fc2769a1b78a27578f13a17b -> 
  custom:container-demuxer-webm: 4f35f7cbe854078d1ac9338744f61a02 -> 
  custom:container-demuxer-ogg: 62fdf1f143b41e24485cea50d1cbac27 -> 
  custom:video-encoder-webm-vp8: eb34c28f22e8b96e1ab97ce403110664 -> 
  custom:video-decoder-webm-vp8: 9c59270c3fd7afecdb556c50c9e8de78 -> 
  custom:audio-decoder-ogg-vorbis: bf7c407c2cedff20999df2af8eb42d56 -> 
  custom:audio-encoder-webm-vorbis: bf7c407c2cedff20999df2af8eb42d56 -> 
========================================================================
Received Prepare
Registering precompiled user dll's ...
Registered in 0.002523 seconds.
Begin MonoManager ReloadAssembly
Native extension for WindowsStandalone target not found
Refreshing native plugins compatible for Editor in 0.40 ms, found 3 plugins.
Preloading 0 native plugins for Editor in 0.00 ms.
Mono: successfully reloaded assembly
- Completed reload, in  1.007 seconds
Domain Reload Profiling:
	ReloadAssembly (1007ms)
		BeginReloadAssembly (187ms)
			ExecutionOrderSort (0ms)
			DisableScriptedObjects (5ms)
			BackupInstance (0ms)
			ReleaseScriptingObjects (0ms)
			CreateAndSetChildDomain (75ms)
		EndReloadAssembly (764ms)
			LoadAssemblies (89ms)
			RebuildTransferFunctionScriptingTraits (0ms)
			SetupTypeCache (250ms)
			ReleaseScriptCaches (1ms)
			RebuildScriptCaches (57ms)
			SetupLoadedEditorAssemblies (272ms)
				LogAssemblyErrors (0ms)
				InitializePlatformSupportModulesInManaged (4ms)
				SetLoadedEditorAssemblies (0ms)
				RefreshPlugins (0ms)
				BeforeProcessingInitializeOnLoad (54ms)
				ProcessInitializeOnLoadAttributes (203ms)
				ProcessInitializeOnLoadMethodAttributes (4ms)
				AfterProcessingInitializeOnLoad (5ms)
				EditorAssembliesLoaded (0ms)
			ExecutionOrderSort2 (0ms)
			AwakeInstancesAfterBackupRestoration (8ms)
Platform modules already initialized, skipping
Refreshing native plugins compatible for Editor in 0.51 ms, found 3 plugins.
Preloading 0 native plugins for Editor in 0.00 ms.
Unloading 2110 Unused Serialized files (Serialized files now loaded: 0)
System memory in use before: 96.4 MB.
System memory in use after: 96.5 MB.

Unloading 14 unused Assets to reduce memory usage. Loaded Objects now: 2583.
Total: 3.246100 ms (FindLiveObjects: 0.120200 ms CreateObjectMapping: 0.032300 ms MarkObjects: 3.077700 ms  DeleteObjects: 0.015000 ms)

AssetImportParameters requested are different than current active one (requested -> active):
  custom:framework-win-MediaFoundation: 216162199b28c13a410421893ffa2e32 -> 
  custom:video-decoder-ogg-theora: a1e56fd34408186e4bbccfd4996cb3dc -> 
  custom:container-muxer-webm: aa71ff27fc2769a1b78a27578f13a17b -> 
  custom:container-demuxer-webm: 4f35f7cbe854078d1ac9338744f61a02 -> 
  custom:container-demuxer-ogg: 62fdf1f143b41e24485cea50d1cbac27 -> 
  custom:video-encoder-webm-vp8: eb34c28f22e8b96e1ab97ce403110664 -> 
  custom:video-decoder-webm-vp8: 9c59270c3fd7afecdb556c50c9e8de78 -> 
  custom:audio-decoder-ogg-vorbis: bf7c407c2cedff20999df2af8eb42d56 -> 
  custom:audio-encoder-webm-vorbis: bf7c407c2cedff20999df2af8eb42d56 -> 
========================================================================
Received Import Request.
  Time since last request: 60.115041 seconds.
  path: Assets/playercookie.prefab
  artifactKey: Guid(3bf8262a5b9cf89459abf2bda320c2be) Importer(815301076,1909f56bfc062723c751e8b465ee728b)
Start importing Assets/playercookie.prefab using Guid(3bf8262a5b9cf89459abf2bda320c2be) Importer(815301076,1909f56bfc062723c751e8b465ee728b)  -> (artifact id: 'e1e2a575ce0cb5b54e319e0985ec23da') in 0.068628 seconds 
  Import took 0.071772 seconds .

========================================================================
Received Import Request.
  Time since last request: 21.264927 seconds.
  path: ProjectSettings/TagManager.asset
  artifactKey: Guid(00000000000000003000000000000000) Importer(815301076,1909f56bfc062723c751e8b465ee728b)
Start importing ProjectSettings/TagManager.asset using Guid(00000000000000003000000000000000) Importer(815301076,1909f56bfc062723c751e8b465ee728b)  -> (artifact id: '95df672b4aaba54310d34c83eef51bb8') in 0.007050 seconds 
  Import took 0.010689 seconds .

========================================================================
Received Import Request.
  Time since last request: 11.348539 seconds.
  path: Assets/Pared Variant.prefab
  artifactKey: Guid(0b409f32484a4134a8ef3d75c4338406) Importer(815301076,1909f56bfc062723c751e8b465ee728b)
Start importing Assets/Pared Variant.prefab using Guid(0b409f32484a4134a8ef3d75c4338406) Importer(815301076,1909f56bfc062723c751e8b465ee728b)  -> (artifact id: '4641f401d5d96bc18c2bf2cebcf4f0ee') in 0.015688 seconds 
  Import took 0.019722 seconds .

========================================================================
Received Import Request.
  Time since last request: 0.000730 seconds.
  path: Assets/Plataforma.prefab
  artifactKey: Guid(185fd93c63edbe745ac077ed039d63a3) Importer(815301076,1909f56bfc062723c751e8b465ee728b)
Start importing Assets/Plataforma.prefab using Guid(185fd93c63edbe745ac077ed039d63a3) Importer(815301076,1909f56bfc062723c751e8b465ee728b)  -> (artifact id: '252e3e48ed5b2685b2a7a9b200f6850a') in 0.009990 seconds 
  Import took 0.013096 seconds .

========================================================================
Received Import Request.
  Time since last request: 3.034232 seconds.
  path: Assets/Pared Variant.prefab
  artifactKey: Guid(0b409f32484a4134a8ef3d75c4338406) Importer(815301076,1909f56bfc062723c751e8b465ee728b)
Start importing Assets/Pared Variant.prefab using Guid(0b409f32484a4134a8ef3d75c4338406) Importer(815301076,1909f56bfc062723c751e8b465ee728b)  -> (artifact id: '5dd356e06d846579e263fc071abfc568') in 0.018869 seconds 
  Import took 0.024236 seconds .

========================================================================
Received Import Request.
  Time since last request: 0.000286 seconds.
  path: Assets/Plataforma.prefab
  artifactKey: Guid(185fd93c63edbe745ac077ed039d63a3) Importer(815301076,1909f56bfc062723c751e8b465ee728b)
Start importing Assets/Plataforma.prefab using Guid(185fd93c63edbe745ac077ed039d63a3) Importer(815301076,1909f56bfc062723c751e8b465ee728b)  -> (artifact id: '615d48bdc921969eee57d798a34aa856') in 0.016918 seconds 
  Import took 0.020503 seconds .

========================================================================
Received Import Request.
  Time since last request: 2.371736 seconds.
  path: Assets/Pared Variant.prefab
  artifactKey: Guid(0b409f32484a4134a8ef3d75c4338406) Importer(815301076,1909f56bfc062723c751e8b465ee728b)
Start importing Assets/Pared Variant.prefab using Guid(0b409f32484a4134a8ef3d75c4338406) Importer(815301076,1909f56bfc062723c751e8b465ee728b)  -> (artifact id: '2bed349021ad6d11655d1e1917a06671') in 0.011317 seconds 
  Import took 0.015096 seconds .

========================================================================
Received Import Request.
  Time since last request: 0.000257 seconds.
  path: Assets/Plataforma.prefab
  artifactKey: Guid(185fd93c63edbe745ac077ed039d63a3) Importer(815301076,1909f56bfc062723c751e8b465ee728b)
Start importing Assets/Plataforma.prefab using Guid(185fd93c63edbe745ac077ed039d63a3) Importer(815301076,1909f56bfc062723c751e8b465ee728b)  -> (artifact id: '68f378c3a651b43515f2dea236eab2f2') in 0.015348 seconds 
  Import took 0.020416 seconds .

========================================================================
Received Prepare
Registering precompiled user dll's ...
Registered in 0.002303 seconds.
Begin MonoManager ReloadAssembly
Native extension for WindowsStandalone target not found
Refreshing native plugins compatible for Editor in 0.42 ms, found 3 plugins.
Preloading 0 native plugins for Editor in 0.00 ms.
Mono: successfully reloaded assembly
- Completed reload, in  0.880 seconds
Domain Reload Profiling:
	ReloadAssembly (881ms)
		BeginReloadAssembly (111ms)
			ExecutionOrderSort (0ms)
			DisableScriptedObjects (5ms)
			BackupInstance (0ms)
			ReleaseScriptingObjects (0ms)
			CreateAndSetChildDomain (27ms)
		EndReloadAssembly (715ms)
			LoadAssemblies (80ms)
			RebuildTransferFunctionScriptingTraits (0ms)
			SetupTypeCache (218ms)
			ReleaseScriptCaches (1ms)
			RebuildScriptCaches (40ms)
			SetupLoadedEditorAssemblies (298ms)
				LogAssemblyErrors (0ms)
				InitializePlatformSupportModulesInManaged (4ms)
				SetLoadedEditorAssemblies (0ms)
				RefreshPlugins (0ms)
				BeforeProcessingInitializeOnLoad (58ms)
				ProcessInitializeOnLoadAttributes (226ms)
				ProcessInitializeOnLoadMethodAttributes (5ms)
				AfterProcessingInitializeOnLoad (5ms)
				EditorAssembliesLoaded (0ms)
			ExecutionOrderSort2 (0ms)
			AwakeInstancesAfterBackupRestoration (8ms)
Platform modules already initialized, skipping
Refreshing native plugins compatible for Editor in 0.46 ms, found 3 plugins.
Preloading 0 native plugins for Editor in 0.00 ms.
Unloading 2110 Unused Serialized files (Serialized files now loaded: 0)
System memory in use before: 96.4 MB.
System memory in use after: 96.6 MB.

Unloading 15 unused Assets to reduce memory usage. Loaded Objects now: 2587.
Total: 3.222400 ms (FindLiveObjects: 0.221100 ms CreateObjectMapping: 0.073700 ms MarkObjects: 2.910300 ms  DeleteObjects: 0.016200 ms)

AssetImportParameters requested are different than current active one (requested -> active):
  custom:framework-win-MediaFoundation: 216162199b28c13a410421893ffa2e32 -> 
  custom:video-decoder-ogg-theora: a1e56fd34408186e4bbccfd4996cb3dc -> 
  custom:container-muxer-webm: aa71ff27fc2769a1b78a27578f13a17b -> 
  custom:container-demuxer-webm: 4f35f7cbe854078d1ac9338744f61a02 -> 
  custom:container-demuxer-ogg: 62fdf1f143b41e24485cea50d1cbac27 -> 
  custom:video-encoder-webm-vp8: eb34c28f22e8b96e1ab97ce403110664 -> 
  custom:video-decoder-webm-vp8: 9c59270c3fd7afecdb556c50c9e8de78 -> 
  custom:audio-decoder-ogg-vorbis: bf7c407c2cedff20999df2af8eb42d56 -> 
  custom:audio-encoder-webm-vorbis: bf7c407c2cedff20999df2af8eb42d56 -> 
========================================================================
Received Prepare
Registering precompiled user dll's ...
Registered in 0.002061 seconds.
Begin MonoManager ReloadAssembly
Native extension for WindowsStandalone target not found
Refreshing native plugins compatible for Editor in 0.41 ms, found 3 plugins.
Preloading 0 native plugins for Editor in 0.00 ms.
Mono: successfully reloaded assembly
- Completed reload, in  0.833 seconds
Domain Reload Profiling:
	ReloadAssembly (833ms)
		BeginReloadAssembly (92ms)
			ExecutionOrderSort (0ms)
			DisableScriptedObjects (6ms)
			BackupInstance (0ms)
			ReleaseScriptingObjects (0ms)
			CreateAndSetChildDomain (29ms)
		EndReloadAssembly (692ms)
			LoadAssemblies (71ms)
			RebuildTransferFunctionScriptingTraits (0ms)
			SetupTypeCache (224ms)
			ReleaseScriptCaches (1ms)
			RebuildScriptCaches (41ms)
			SetupLoadedEditorAssemblies (261ms)
				LogAssemblyErrors (0ms)
				InitializePlatformSupportModulesInManaged (4ms)
				SetLoadedEditorAssemblies (0ms)
				RefreshPlugins (0ms)
				BeforeProcessingInitializeOnLoad (51ms)
				ProcessInitializeOnLoadAttributes (196ms)
				ProcessInitializeOnLoadMethodAttributes (5ms)
				AfterProcessingInitializeOnLoad (4ms)
				EditorAssembliesLoaded (0ms)
			ExecutionOrderSort2 (0ms)
			AwakeInstancesAfterBackupRestoration (8ms)
Platform modules already initialized, skipping
Refreshing native plugins compatible for Editor in 0.40 ms, found 3 plugins.
Preloading 0 native plugins for Editor in 0.00 ms.
Unloading 2110 Unused Serialized files (Serialized files now loaded: 0)
System memory in use before: 96.4 MB.
System memory in use after: 96.6 MB.

Unloading 14 unused Assets to reduce memory usage. Loaded Objects now: 2590.
Total: 2.088600 ms (FindLiveObjects: 0.127600 ms CreateObjectMapping: 0.029300 ms MarkObjects: 1.917000 ms  DeleteObjects: 0.013600 ms)

AssetImportParameters requested are different than current active one (requested -> active):
  custom:framework-win-MediaFoundation: 216162199b28c13a410421893ffa2e32 -> 
  custom:video-decoder-ogg-theora: a1e56fd34408186e4bbccfd4996cb3dc -> 
  custom:container-muxer-webm: aa71ff27fc2769a1b78a27578f13a17b -> 
  custom:container-demuxer-webm: 4f35f7cbe854078d1ac9338744f61a02 -> 
  custom:container-demuxer-ogg: 62fdf1f143b41e24485cea50d1cbac27 -> 
  custom:video-encoder-webm-vp8: eb34c28f22e8b96e1ab97ce403110664 -> 
  custom:video-decoder-webm-vp8: 9c59270c3fd7afecdb556c50c9e8de78 -> 
  custom:audio-decoder-ogg-vorbis: bf7c407c2cedff20999df2af8eb42d56 -> 
  custom:audio-encoder-webm-vorbis: bf7c407c2cedff20999df2af8eb42d56 -> 
========================================================================
Received Prepare
Registering precompiled user dll's ...
Registered in 0.002508 seconds.
Begin MonoManager ReloadAssembly
Native extension for WindowsStandalone target not found
Refreshing native plugins compatible for Editor in 1.52 ms, found 3 plugins.
Preloading 0 native plugins for Editor in 0.00 ms.
Mono: successfully reloaded assembly
- Completed reload, in  0.946 seconds
Domain Reload Profiling:
	ReloadAssembly (946ms)
		BeginReloadAssembly (114ms)
			ExecutionOrderSort (0ms)
			DisableScriptedObjects (5ms)
			BackupInstance (0ms)
			ReleaseScriptingObjects (0ms)
			CreateAndSetChildDomain (32ms)
		EndReloadAssembly (783ms)
			LoadAssemblies (100ms)
			RebuildTransferFunctionScriptingTraits (0ms)
			SetupTypeCache (281ms)
			ReleaseScriptCaches (1ms)
			RebuildScriptCaches (30ms)
			SetupLoadedEditorAssemblies (278ms)
				LogAssemblyErrors (0ms)
				InitializePlatformSupportModulesInManaged (5ms)
				SetLoadedEditorAssemblies (0ms)
				RefreshPlugins (2ms)
				BeforeProcessingInitializeOnLoad (60ms)
				ProcessInitializeOnLoadAttributes (199ms)
				ProcessInitializeOnLoadMethodAttributes (6ms)
				AfterProcessingInitializeOnLoad (6ms)
				EditorAssembliesLoaded (0ms)
			ExecutionOrderSort2 (0ms)
			AwakeInstancesAfterBackupRestoration (7ms)
Platform modules already initialized, skipping
Refreshing native plugins compatible for Editor in 0.39 ms, found 3 plugins.
Preloading 0 native plugins for Editor in 0.00 ms.
Unloading 2110 Unused Serialized files (Serialized files now loaded: 0)
System memory in use before: 96.5 MB.
System memory in use after: 96.6 MB.

Unloading 14 unused Assets to reduce memory usage. Loaded Objects now: 2593.
Total: 5.928700 ms (FindLiveObjects: 0.366500 ms CreateObjectMapping: 0.154000 ms MarkObjects: 5.378600 ms  DeleteObjects: 0.027100 ms)

AssetImportParameters requested are different than current active one (requested -> active):
  custom:framework-win-MediaFoundation: 216162199b28c13a410421893ffa2e32 -> 
  custom:video-decoder-ogg-theora: a1e56fd34408186e4bbccfd4996cb3dc -> 
  custom:container-muxer-webm: aa71ff27fc2769a1b78a27578f13a17b -> 
  custom:container-demuxer-webm: 4f35f7cbe854078d1ac9338744f61a02 -> 
  custom:container-demuxer-ogg: 62fdf1f143b41e24485cea50d1cbac27 -> 
  custom:video-encoder-webm-vp8: eb34c28f22e8b96e1ab97ce403110664 -> 
  custom:video-decoder-webm-vp8: 9c59270c3fd7afecdb556c50c9e8de78 -> 
  custom:audio-decoder-ogg-vorbis: bf7c407c2cedff20999df2af8eb42d56 -> 
  custom:audio-encoder-webm-vorbis: bf7c407c2cedff20999df2af8eb42d56 -> 
AssetImportWorkerClient::OnTransportError - code=2 error=End of file
